This file contains any messages produced by compilers while
running configure, to aid debugging if configure makes a mistake.

It was created by daemon configure 0.1, which was
generated by GNU Autoconf 2.69.  Invocation command line was

  $ ./configure --host=i686-w64-mingw32.static host_alias=i686-w64-mingw32.static --no-create --no-recursion

## --------- ##
## Platform. ##
## --------- ##

hostname = ubuntu
uname -m = x86_64
uname -r = 3.19.0-15-generic
uname -s = Linux
uname -v = #15-Ubuntu SMP Thu Apr 16 23:32:37 UTC 2015

/usr/bin/uname -p = unknown
/bin/uname -X     = unknown

/bin/arch              = unknown
/usr/bin/arch -k       = unknown
/usr/convex/getsysinfo = unknown
/usr/bin/hostinfo      = unknown
/bin/machine           = unknown
/usr/bin/oslevel       = unknown
/bin/universe          = unknown

PATH: /usr/local/sbin
PATH: /usr/local/bin
PATH: /usr/sbin
PATH: /usr/bin
PATH: /sbin
PATH: /bin
PATH: /usr/games
PATH: /usr/local/games
PATH: /opt/mxe/usr/bin
PATH: /opt/mxe/usr/bin
PATH: /opt/mxe/usr/i686-w64-mingw32.static/bin
PATH: PKG_CONFIG_PATH=/opt/mxe/usr/i686-w64-mingw32.static/lib/pkgconfig


## ----------- ##
## Core tests. ##
## ----------- ##

configure:2075: checking for a BSD-compatible install
configure:2143: result: /usr/bin/install -c
configure:2154: checking whether build environment is sane
configure:2209: result: yes
configure:2268: checking for i686-w64-mingw32.static-strip
configure:2284: found /opt/mxe/usr/bin/i686-w64-mingw32.static-strip
configure:2295: result: i686-w64-mingw32.static-strip
configure:2360: checking for a thread-safe mkdir -p
configure:2399: result: /bin/mkdir -p
configure:2406: checking for gawk
configure:2422: found /usr/bin/gawk
configure:2433: result: gawk
configure:2444: checking whether make sets $(MAKE)
configure:2466: result: yes
configure:2495: checking whether make supports nested variables
configure:2512: result: yes
configure:2650: checking for i686-w64-mingw32.static-gcc
configure:2666: found /opt/mxe/usr/bin/i686-w64-mingw32.static-gcc
configure:2677: result: i686-w64-mingw32.static-gcc
configure:2946: checking for C compiler version
configure:2955: i686-w64-mingw32.static-gcc --version >&5
i686-w64-mingw32.static-gcc (GCC) 4.9.3
Copyright (C) 2015 Free Software Foundation, Inc.
This is free software; see the source for copying conditions.  There is NO
warranty; not even for MERCHANTABILITY or FITNESS FOR A PARTICULAR PURPOSE.

configure:2966: $? = 0
configure:2955: i686-w64-mingw32.static-gcc -v >&5
Using built-in specs.
COLLECT_GCC=i686-w64-mingw32.static-gcc
COLLECT_LTO_WRAPPER=/opt/mxe/usr/libexec/gcc/i686-w64-mingw32.static/4.9.3/lto-wrapper
Target: i686-w64-mingw32.static
Configured with: /opt/mxe/tmp-gcc-i686-w64-mingw32.static/gcc-4.9.3/configure --target=i686-w64-mingw32.static --build=x86_64-unknown-linux-gnu --prefix=/opt/mxe/usr --libdir=/opt/mxe/usr/lib --enable-languages=c,c++,objc,fortran --enable-version-specific-runtime-libs --with-gcc --with-gnu-ld --with-gnu-as --disable-nls --disable-shared --disable-multilib --without-x --disable-win32-registry --enable-threads=win32 --enable-libgomp --with-gmp=/opt/mxe/usr/x86_64-unknown-linux-gnu --with-isl=/opt/mxe/usr/x86_64-unknown-linux-gnu --with-mpc=/opt/mxe/usr/x86_64-unknown-linux-gnu --with-mpfr=/opt/mxe/usr/x86_64-unknown-linux-gnu --with-cloog=/opt/mxe/usr/x86_64-unknown-linux-gnu --with-as=/opt/mxe/usr/bin/i686-w64-mingw32.static-as --with-ld=/opt/mxe/usr/bin/i686-w64-mingw32.static-ld --with-nm=/opt/mxe/usr/bin/i686-w64-mingw32.static-nm
Thread model: win32
gcc version 4.9.3 (GCC) 
configure:2966: $? = 0
configure:2955: i686-w64-mingw32.static-gcc -V >&5
i686-w64-mingw32.static-gcc: error: unrecognized command line option '-V'
i686-w64-mingw32.static-gcc: fatal error: no input files
compilation terminated.
configure:2966: $? = 1
configure:2955: i686-w64-mingw32.static-gcc -qversion >&5
i686-w64-mingw32.static-gcc: error: unrecognized command line option '-qversion'
i686-w64-mingw32.static-gcc: fatal error: no input files
compilation terminated.
configure:2966: $? = 1
configure:2986: checking whether the C compiler works
configure:3008: i686-w64-mingw32.static-gcc    conftest.c  >&5
configure:3012: $? = 0
configure:3060: result: yes
configure:3063: checking for C compiler default output file name
configure:3065: result: a.exe
configure:3071: checking for suffix of executables
configure:3078: i686-w64-mingw32.static-gcc -o conftest.exe    conftest.c  >&5
configure:3082: $? = 0
configure:3104: result: .exe
configure:3126: checking whether we are cross compiling
configure:3134: i686-w64-mingw32.static-gcc -o conftest.exe    conftest.c  >&5
configure:3138: $? = 0
configure:3145: ./conftest.exe
./configure: line 3147: ./conftest.exe: cannot execute binary file: Exec format error
configure:3149: $? = 126
configure:3164: result: yes
configure:3169: checking for suffix of object files
configure:3191: i686-w64-mingw32.static-gcc -c   conftest.c >&5
configure:3195: $? = 0
configure:3216: result: o
configure:3220: checking whether we are using the GNU C compiler
configure:3239: i686-w64-mingw32.static-gcc -c   conftest.c >&5
configure:3239: $? = 0
configure:3248: result: yes
configure:3257: checking whether i686-w64-mingw32.static-gcc accepts -g
configure:3277: i686-w64-mingw32.static-gcc -c -g  conftest.c >&5
configure:3277: $? = 0
configure:3318: result: yes
configure:3335: checking for i686-w64-mingw32.static-gcc option to accept ISO C89
configure:3398: i686-w64-mingw32.static-gcc  -c -g -O2  conftest.c >&5
configure:3398: $? = 0
configure:3411: result: none needed
configure:3436: checking whether i686-w64-mingw32.static-gcc understands -c and -o together
configure:3458: i686-w64-mingw32.static-gcc -c conftest.c -o conftest2.o
configure:3461: $? = 0
configure:3458: i686-w64-mingw32.static-gcc -c conftest.c -o conftest2.o
configure:3461: $? = 0
configure:3473: result: yes
configure:3501: checking for style of include used by make
configure:3529: result: GNU
configure:3555: checking dependency style of i686-w64-mingw32.static-gcc
configure:3666: result: gcc3
configure:3691: checking how to run the C preprocessor
configure:3722: i686-w64-mingw32.static-gcc -E  conftest.c
configure:3722: $? = 0
configure:3736: i686-w64-mingw32.static-gcc -E  conftest.c
conftest.c:11:28: fatal error: ac_nonexistent.h: No such file or directory
 #include <ac_nonexistent.h>
                            ^
compilation terminated.
configure:3736: $? = 1
configure: failed program was:
| /* confdefs.h */
| #define PACKAGE_NAME "daemon"
| #define PACKAGE_TARNAME "daemon"
| #define PACKAGE_VERSION "0.1"
| #define PACKAGE_STRING "daemon 0.1"
| #define PACKAGE_BUGREPORT "and@hqh.me"
| #define PACKAGE_URL ""
| #define PACKAGE "daemon"
| #define VERSION "0.1"
| /* end confdefs.h.  */
| #include <ac_nonexistent.h>
configure:3761: result: i686-w64-mingw32.static-gcc -E
configure:3781: i686-w64-mingw32.static-gcc -E  conftest.c
configure:3781: $? = 0
configure:3795: i686-w64-mingw32.static-gcc -E  conftest.c
conftest.c:11:28: fatal error: ac_nonexistent.h: No such file or directory
 #include <ac_nonexistent.h>
                            ^
compilation terminated.
configure:3795: $? = 1
configure: failed program was:
| /* confdefs.h */
| #define PACKAGE_NAME "daemon"
| #define PACKAGE_TARNAME "daemon"
| #define PACKAGE_VERSION "0.1"
| #define PACKAGE_STRING "daemon 0.1"
| #define PACKAGE_BUGREPORT "and@hqh.me"
| #define PACKAGE_URL ""
| #define PACKAGE "daemon"
| #define VERSION "0.1"
| /* end confdefs.h.  */
| #include <ac_nonexistent.h>
configure:3824: checking for grep that handles long lines and -e
configure:3882: result: /bin/grep
configure:3887: checking for egrep
configure:3949: result: /bin/grep -E
configure:3954: checking for ANSI C header files
configure:3974: i686-w64-mingw32.static-gcc -c -g -O2  conftest.c >&5
configure:3974: $? = 0
configure:4058: result: yes
configure:4071: checking for sys/types.h
configure:4071: i686-w64-mingw32.static-gcc -c -g -O2  conftest.c >&5
configure:4071: $? = 0
configure:4071: result: yes
configure:4071: checking for sys/stat.h
configure:4071: i686-w64-mingw32.static-gcc -c -g -O2  conftest.c >&5
configure:4071: $? = 0
configure:4071: result: yes
configure:4071: checking for stdlib.h
configure:4071: i686-w64-mingw32.static-gcc -c -g -O2  conftest.c >&5
configure:4071: $? = 0
configure:4071: result: yes
configure:4071: checking for string.h
configure:4071: i686-w64-mingw32.static-gcc -c -g -O2  conftest.c >&5
configure:4071: $? = 0
configure:4071: result: yes
configure:4071: checking for memory.h
configure:4071: i686-w64-mingw32.static-gcc -c -g -O2  conftest.c >&5
configure:4071: $? = 0
configure:4071: result: yes
configure:4071: checking for strings.h
configure:4071: i686-w64-mingw32.static-gcc -c -g -O2  conftest.c >&5
configure:4071: $? = 0
configure:4071: result: yes
configure:4071: checking for inttypes.h
configure:4071: i686-w64-mingw32.static-gcc -c -g -O2  conftest.c >&5
configure:4071: $? = 0
configure:4071: result: yes
configure:4071: checking for stdint.h
configure:4071: i686-w64-mingw32.static-gcc -c -g -O2  conftest.c >&5
configure:4071: $? = 0
configure:4071: result: yes
configure:4071: checking for unistd.h
configure:4071: i686-w64-mingw32.static-gcc -c -g -O2  conftest.c >&5
configure:4071: $? = 0
configure:4071: result: yes
configure:4085: checking locale.h usability
configure:4085: i686-w64-mingw32.static-gcc -c -g -O2  conftest.c >&5
configure:4085: $? = 0
configure:4085: result: yes
configure:4085: checking locale.h presence
configure:4085: i686-w64-mingw32.static-gcc -E  conftest.c
configure:4085: $? = 0
configure:4085: result: yes
configure:4085: checking for locale.h
configure:4085: result: yes
configure:4211: checking that generated files are newer than configure
configure:4217: result: done
configure:4240: creating ./config.status

## ---------------- ##
## Cache variables. ##
## ---------------- ##

ac_cv_c_compiler_gnu=yes
ac_cv_env_CC_set=
ac_cv_env_CC_value=
ac_cv_env_CFLAGS_set=
ac_cv_env_CFLAGS_value=
ac_cv_env_CPPFLAGS_set=
ac_cv_env_CPPFLAGS_value=
ac_cv_env_CPP_set=
ac_cv_env_CPP_value=
ac_cv_env_LDFLAGS_set=
ac_cv_env_LDFLAGS_value=
ac_cv_env_LIBS_set=
ac_cv_env_LIBS_value=
ac_cv_env_build_alias_set=
ac_cv_env_build_alias_value=
ac_cv_env_host_alias_set=set
ac_cv_env_host_alias_value=i686-w64-mingw32.static
ac_cv_env_target_alias_set=
ac_cv_env_target_alias_value=
ac_cv_exeext=.exe
ac_cv_header_inttypes_h=yes
ac_cv_header_locale_h=yes
ac_cv_header_memory_h=yes
ac_cv_header_stdc=yes
ac_cv_header_stdint_h=yes
ac_cv_header_stdlib_h=yes
ac_cv_header_string_h=yes
ac_cv_header_strings_h=yes
ac_cv_header_sys_stat_h=yes
ac_cv_header_sys_types_h=yes
ac_cv_header_unistd_h=yes
ac_cv_objext=o
ac_cv_path_EGREP='/bin/grep -E'
ac_cv_path_GREP=/bin/grep
ac_cv_path_install='/usr/bin/install -c'
ac_cv_path_mkdir=/bin/mkdir
ac_cv_prog_AWK=gawk
ac_cv_prog_CC=i686-w64-mingw32.static-gcc
ac_cv_prog_CPP='i686-w64-mingw32.static-gcc -E'
ac_cv_prog_STRIP=i686-w64-mingw32.static-strip
ac_cv_prog_cc_c89=
ac_cv_prog_cc_g=yes
ac_cv_prog_make_make_set=yes
am_cv_CC_dependencies_compiler_type=gcc3
am_cv_make_support_nested_variables=yes
am_cv_prog_cc_c_o=yes

## ----------------- ##
## Output variables. ##
## ----------------- ##

ACLOCAL='${SHELL} /root/wechat-crack/src/missing aclocal-1.14'
AMDEPBACKSLASH='\'
AMDEP_FALSE='#'
AMDEP_TRUE=''
AMTAR='$${TAR-tar}'
AM_BACKSLASH='\'
AM_DEFAULT_V='$(AM_DEFAULT_VERBOSITY)'
AM_DEFAULT_VERBOSITY='1'
AM_V='$(V)'
AUTOCONF='${SHELL} /root/wechat-crack/src/missing autoconf'
AUTOHEADER='${SHELL} /root/wechat-crack/src/missing autoheader'
AUTOMAKE='${SHELL} /root/wechat-crack/src/missing automake-1.14'
AWK='gawk'
CC='i686-w64-mingw32.static-gcc'
CCDEPMODE='depmode=gcc3'
CFLAGS='-g -O2'
CPP='i686-w64-mingw32.static-gcc -E'
CPPFLAGS=''
CYGPATH_W='echo'
DEFS='-DHAVE_CONFIG_H'
DEPDIR='.deps'
ECHO_C=''
ECHO_N='-n'
ECHO_T=''
EGREP='/bin/grep -E'
EXEEXT='.exe'
GREP='/bin/grep'
INSTALL_DATA='${INSTALL} -m 644'
INSTALL_PROGRAM='${INSTALL}'
INSTALL_SCRIPT='${INSTALL}'
INSTALL_STRIP_PROGRAM='$(install_sh) -c -s'
LDFLAGS=''
LIBOBJS=''
LIBS=''
LTLIBOBJS=''
MAKEINFO='${SHELL} /root/wechat-crack/src/missing makeinfo'
MKDIR_P='/bin/mkdir -p'
OBJEXT='o'
PACKAGE='daemon'
PACKAGE_BUGREPORT='and@hqh.me'
PACKAGE_NAME='daemon'
PACKAGE_STRING='daemon 0.1'
PACKAGE_TARNAME='daemon'
PACKAGE_URL=''
PACKAGE_VERSION='0.1'
PATH_SEPARATOR=':'
SET_MAKE=''
SHELL='/bin/bash'
STRIP='i686-w64-mingw32.static-strip'
VERSION='0.1'
ac_ct_CC=''
am__EXEEXT_FALSE='#'
am__EXEEXT_TRUE=''
am__fastdepCC_FALSE='#'
am__fastdepCC_TRUE=''
am__include='include'
am__isrc=''
am__leading_dot='.'
am__nodep='_no'
am__quote=''
am__tar='$${TAR-tar} chof - "$$tardir"'
am__untar='$${TAR-tar} xf -'
bindir='${exec_prefix}/bin'
build_alias=''
datadir='${datarootdir}'
datarootdir='${prefix}/share'
docdir='${datarootdir}/doc/${PACKAGE_TARNAME}'
dvidir='${docdir}'
exec_prefix='${prefix}'
host_alias='i686-w64-mingw32.static'
htmldir='${docdir}'
includedir='${prefix}/include'
infodir='${datarootdir}/info'
install_sh='${SHELL} /root/wechat-crack/src/install-sh'
libdir='${exec_prefix}/lib'
libexecdir='${exec_prefix}/libexec'
localedir='${datarootdir}/locale'
localstatedir='${prefix}/var'
mandir='${datarootdir}/man'
mkdir_p='$(MKDIR_P)'
oldincludedir='/usr/include'
pdfdir='${docdir}'
prefix='/usr/local'
program_transform_name='s,x,x,'
psdir='${docdir}'
sbindir='${exec_prefix}/sbin'
sharedstatedir='${prefix}/com'
sysconfdir='${prefix}/etc'
target_alias=''

## ----------- ##
## confdefs.h. ##
## ----------- ##

/* confdefs.h */
#define PACKAGE_NAME "daemon"
#define PACKAGE_TARNAME "daemon"
#define PACKAGE_VERSION "0.1"
#define PACKAGE_STRING "daemon 0.1"
#define PACKAGE_BUGREPORT "and@hqh.me"
#define PACKAGE_URL ""
#define PACKAGE "daemon"
#define VERSION "0.1"
#define STDC_HEADERS 1
#define HAVE_SYS_TYPES_H 1
#define HAVE_SYS_STAT_H 1
#define HAVE_STDLIB_H 1
#define HAVE_STRING_H 1
#define HAVE_MEMORY_H 1
#define HAVE_STRINGS_H 1
#define HAVE_INTTYPES_H 1
#define HAVE_STDINT_H 1
#define HAVE_UNISTD_H 1
#define HAVE_LOCALE_H 1

configure: exit 0

## ---------------------- ##
## Running config.status. ##
## ---------------------- ##

This file was extended by daemon config.status 0.1, which was
generated by GNU Autoconf 2.69.  Invocation command line was

  CONFIG_FILES    = 
  CONFIG_HEADERS  = 
  CONFIG_LINKS    = 
  CONFIG_COMMANDS = 
  $ ./config.status 

on ubuntu

config.status:853: creating Makefile
config.status:853: creating config.h
config.status:1034: config.h is unchanged
config.status:1082: executing depfiles commands
